<?xml version="1.0" encoding="UTF-8"?>
<!-- Generated by org.testng.reporters.JUnitReportReporter -->
<testsuite skipped="0" hostname="LAPTOP-KNRI3NA5" name="pagesTest.CartTest" tests="2" failures="0" timestamp="2022-06-07T03:41:45 EET" time="40.412" errors="0">
  <testcase name="test_AppearanceOf_Cart_EmptyView_Successfully_After_Remove_LastItem" time="20.138" classname="pagesTest.CartTest"/>
  <system-out/>
  <testcase name="test_Add_Item_ToCart_Successfully" time="20.274" classname="pagesTest.CartTest"/>
  <system-out/>
</testsuite> <!-- pagesTest.CartTest -->
